<?xml version="1.0" encoding="UTF-8"?>
<!-- Generated by org.testng.reporters.JUnitXMLReporter -->
<testsuite hostname="LIN80015404" failures="0" tests="4" name="Test" time="68.918" errors="0" timestamp="1 Nov 2017 10:27:38 GMT">
  <testcase classname="TestLab.NewTest" name="testset1" time="20.11"/>
  <testcase classname="TestLab.NewTest" name="testset1" time="17.79"/>
  <testcase classname="TestLab.NewTest" name="testset2" time="15.31"/>
  <testcase classname="TestLab.NewTest" name="testset2" time="15.527"/>
</testsuite> <!-- Test -->
