<?xml version="1.0" encoding="UTF-8"?>
<!-- Generated by org.testng.reporters.JUnitXMLReporter -->
<testsuite hostname="LIN80015404" failures="0" tests="4" name="Test" time="70.097" errors="0" timestamp="4 Nov 2017 11:42:45 GMT">
  <testcase classname="TestLab.NewTest" name="testset1" time="19.228"/>
  <testcase classname="TestLab.NewTest" name="testset1" time="17.293"/>
  <testcase classname="TestLab.NewTest" name="testset2" time="16.215"/>
  <testcase classname="TestLab.NewTest" name="testset2" time="17.169"/>
</testsuite> <!-- Test -->
