<?xml version="1.0" encoding="UTF-8"?>
<testng-results total="4" passed="4" failed="0" skipped="0">
  <reporter-output>
  </reporter-output>
  <suite started-at="2017-11-01T10:26:29Z" name="Suite" finished-at="2017-11-01T10:27:38Z" duration-ms="68918">
    <groups>
    </groups>
    <test started-at="2017-11-01T10:26:29Z" name="Test" finished-at="2017-11-01T10:27:38Z" duration-ms="68918">
      <class name="TestLab.NewTest">
        <test-method signature="testset1(java.lang.String, java.lang.String)[pri:0, instance:TestLab.NewTest@78b66d36]" started-at="2017-11-01T15:56:29Z" name="testset1" data-provider="dp" finished-at="2017-11-01T15:56:49Z" duration-ms="20110" status="PASS">
          <params>
            <param index="0">
              <value>
                <![CDATA[20]]>
              </value>
            </param>
            <param index="1">
              <value>
                <![CDATA[30]]>
              </value>
            </param>
          </params>
          <reporter-output>
          </reporter-output>
        </test-method> <!-- testset1 -->
        <test-method signature="testset1(java.lang.String, java.lang.String)[pri:0, instance:TestLab.NewTest@78b66d36]" started-at="2017-11-01T15:56:49Z" name="testset1" data-provider="dp" finished-at="2017-11-01T15:57:07Z" duration-ms="17790" status="PASS">
          <params>
            <param index="0">
              <value>
                <![CDATA[21]]>
              </value>
            </param>
            <param index="1">
              <value>
                <![CDATA[31]]>
              </value>
            </param>
          </params>
          <reporter-output>
          </reporter-output>
        </test-method> <!-- testset1 -->
        <test-method signature="testset2(java.lang.String, java.lang.String)[pri:0, instance:TestLab.NewTest@78b66d36]" started-at="2017-11-01T15:57:07Z" name="testset2" data-provider="dp" finished-at="2017-11-01T15:57:22Z" duration-ms="15310" status="PASS">
          <params>
            <param index="0">
              <value>
                <![CDATA[20]]>
              </value>
            </param>
            <param index="1">
              <value>
                <![CDATA[30]]>
              </value>
            </param>
          </params>
          <reporter-output>
          </reporter-output>
        </test-method> <!-- testset2 -->
        <test-method signature="testset2(java.lang.String, java.lang.String)[pri:0, instance:TestLab.NewTest@78b66d36]" started-at="2017-11-01T15:57:22Z" name="testset2" data-provider="dp" finished-at="2017-11-01T15:57:38Z" duration-ms="15527" status="PASS">
          <params>
            <param index="0">
              <value>
                <![CDATA[21]]>
              </value>
            </param>
            <param index="1">
              <value>
                <![CDATA[31]]>
              </value>
            </param>
          </params>
          <reporter-output>
          </reporter-output>
        </test-method> <!-- testset2 -->
      </class> <!-- TestLab.NewTest -->
    </test> <!-- Test -->
  </suite> <!-- Suite -->
</testng-results>
