<?xml version="1.0" encoding="UTF-8"?>
<testng-results total="4" passed="4" failed="0" skipped="0">
  <reporter-output>
  </reporter-output>
  <suite started-at="2017-11-04T11:41:35Z" name="Suite" finished-at="2017-11-04T11:42:45Z" duration-ms="70097">
    <groups>
    </groups>
    <test started-at="2017-11-04T11:41:35Z" name="Test" finished-at="2017-11-04T11:42:45Z" duration-ms="70097">
      <class name="TestLab.NewTest">
        <test-method signature="testset1(java.lang.String, java.lang.String)[pri:0, instance:TestLab.NewTest@78b66d36]" started-at="2017-11-04T17:11:35Z" name="testset1" data-provider="dp" finished-at="2017-11-04T17:11:54Z" duration-ms="19228" status="PASS">
          <params>
            <param index="0">
              <value>
                <![CDATA[20]]>
              </value>
            </param>
            <param index="1">
              <value>
                <![CDATA[30]]>
              </value>
            </param>
          </params>
          <reporter-output>
          </reporter-output>
        </test-method> <!-- testset1 -->
        <test-method signature="testset1(java.lang.String, java.lang.String)[pri:0, instance:TestLab.NewTest@78b66d36]" started-at="2017-11-04T17:11:54Z" name="testset1" data-provider="dp" finished-at="2017-11-04T17:12:11Z" duration-ms="17293" status="PASS">
          <params>
            <param index="0">
              <value>
                <![CDATA[21]]>
              </value>
            </param>
            <param index="1">
              <value>
                <![CDATA[31]]>
              </value>
            </param>
          </params>
          <reporter-output>
          </reporter-output>
        </test-method> <!-- testset1 -->
        <test-method signature="testset2(java.lang.String, java.lang.String)[pri:0, instance:TestLab.NewTest@78b66d36]" started-at="2017-11-04T17:12:11Z" name="testset2" data-provider="dp" finished-at="2017-11-04T17:12:28Z" duration-ms="16215" status="PASS">
          <params>
            <param index="0">
              <value>
                <![CDATA[20]]>
              </value>
            </param>
            <param index="1">
              <value>
                <![CDATA[30]]>
              </value>
            </param>
          </params>
          <reporter-output>
          </reporter-output>
        </test-method> <!-- testset2 -->
        <test-method signature="testset2(java.lang.String, java.lang.String)[pri:0, instance:TestLab.NewTest@78b66d36]" started-at="2017-11-04T17:12:28Z" name="testset2" data-provider="dp" finished-at="2017-11-04T17:12:45Z" duration-ms="17169" status="PASS">
          <params>
            <param index="0">
              <value>
                <![CDATA[21]]>
              </value>
            </param>
            <param index="1">
              <value>
                <![CDATA[31]]>
              </value>
            </param>
          </params>
          <reporter-output>
          </reporter-output>
        </test-method> <!-- testset2 -->
      </class> <!-- TestLab.NewTest -->
    </test> <!-- Test -->
  </suite> <!-- Suite -->
</testng-results>
